#
# A fatal error has been detected by the Java Runtime Environment:
#
#  EXCEPTION_ACCESS_VIOLATION (0xc0000005) at pc=0x00000000576682b5, pid=10056, tid=9860
#
# JRE version: Java(TM) SE Runtime Environment (8.0_45-b15) (build 1.8.0_45-b15)
# Java VM: Java HotSpot(TM) 64-Bit Server VM (25.45-b02 mixed mode windows-amd64 compressed oops)
# Problematic frame:
# V  [jvm.dll+0x1282b5]
#
# Failed to write core dump. Minidumps are not enabled by default on client versions of Windows
#
# If you would like to submit a bug report, please visit:
#   http://bugreport.java.com/bugreport/crash.jsp
#

---------------  T H R E A D  ---------------

Current thread (0x000000001dfb9000):  JavaThread "JDWP Transport Listener: dt_socket" daemon [_thread_in_vm, id=9860, stack(0x000000001e8c0000,0x000000001e9c0000)]

siginfo: ExceptionCode=0xc0000005, reading address 0xffffffffffffffff

Registers:
RAX=0x000000001e9bf201, RBX=0x000000001dfb9000, RCX=0x6564616f003b7265, RDX=0x0000000000000000
RSP=0x000000001e9bf2a0, RBP=0x6564616f003b7265, RSI=0x000000001e9bf3b8, RDI=0x000000000222dd10
R8 =0x000000001dfb9000, R9 =0x0000000000000001, R10=0x0000000000008000, R11=0x000000001e9bf1f0
R12=0x0000000000000000, R13=0x000000001dfb9a88, R14=0x0000000000000000, R15=0x0000000000000000
RIP=0x00000000576682b5, EFLAGS=0x0000000000010206

Top of Stack: (sp=0x000000001e9bf2a0)
0x000000001e9bf2a0:   000000001dfb9000 000000001dfb9000
0x000000001e9bf2b0:   000000001e9bf368 000000005786c7db
0x000000001e9bf2c0:   000000001dfb9000 000000005788903d
0x000000001e9bf2d0:   0000000000000000 00000000574d9155
0x000000001e9bf2e0:   0000000020b922d8 00000000574e291e
0x000000001e9bf2f0:   000000001dfb9000 0000000000000000
0x000000001e9bf300:   0000000000000000 0000000000000000
0x000000001e9bf310:   6564616f003b7265 00000000574e1a15
0x000000001e9bf320:   000000001e9bf3b8 000000001e9bf390
0x000000001e9bf330:   0000000000000001 0000000020b922d8
0x000000001e9bf340:   6564616f003b7265 00000000574c53b3
0x000000001e9bf350:   000000001e9bf480 0000000000000001
0x000000001e9bf360:   0000000000000001 0000000020b922d8
0x000000001e9bf370:   00000000f000100a 0000000000000000
0x000000001e9bf380:   0000000000000000 0000000000000000
0x000000001e9bf390:   0000000000000001 00000000574c5571 

Instructions: (pc=0x00000000576682b5)
0x0000000057668295:   cc cc cc cc cc cc cc cc cc cc cc 48 83 ec 28 48
0x00000000576682a5:   85 c9 75 07 33 c0 48 83 c4 28 c3 48 89 5c 24 20
0x00000000576682b5:   48 8b 19 48 85 db 74 20 48 83 fb 37 74 1a 48 8b
0x00000000576682c5:   13 48 8b cb ff 52 10 84 c0 74 0d 48 8b c3 48 8b 


Register to memory mapping:

RAX=0x000000001e9bf201 is pointing into the stack for thread: 0x000000001dfb9000
RBX=0x000000001dfb9000 is a thread
RCX=0x6564616f003b7265 is an unknown value
RDX=0x0000000000000000 is an unknown value
RSP=0x000000001e9bf2a0 is pointing into the stack for thread: 0x000000001dfb9000
RBP=0x6564616f003b7265 is an unknown value
RSI=0x000000001e9bf3b8 is pointing into the stack for thread: 0x000000001dfb9000
RDI=0x000000000222dd10 is an unknown value
R8 =0x000000001dfb9000 is a thread
R9 =0x0000000000000001 is an unknown value
R10=0x0000000000008000 is an unknown value
R11=0x000000001e9bf1f0 is pointing into the stack for thread: 0x000000001dfb9000
R12=0x0000000000000000 is an unknown value
R13=0x000000001dfb9a88 is an unknown value
R14=0x0000000000000000 is an unknown value
R15=0x0000000000000000 is an unknown value


Stack: [0x000000001e8c0000,0x000000001e9c0000],  sp=0x000000001e9bf2a0,  free space=1020k
Native frames: (J=compiled Java code, j=interpreted, Vv=VM code, C=native code)
V  [jvm.dll+0x1282b5]
V  [jvm.dll+0x34903d]
C  [jdwp.dll+0x21a15]
C  [jdwp.dll+0x53b3]
C  [jdwp.dll+0x5571]
C  [jdwp.dll+0xf0a8]
C  [jdwp.dll+0x1f2d5]
C  [jdwp.dll+0x1f4aa]
V  [jvm.dll+0x1bae98]
V  [jvm.dll+0x241984]
V  [jvm.dll+0x29853a]
C  [msvcr100.dll+0x21d9f]
C  [msvcr100.dll+0x21e3b]
C  [KERNEL32.DLL+0x17034]
C  [ntdll.dll+0x52651]


---------------  P R O C E S S  ---------------

Java Threads: ( => current thread )
  0x0000000023698000 JavaThread "DestroyJavaVM" [_thread_blocked, id=12900, stack(0x0000000002400000,0x0000000002500000)]
  0x0000000023696000 JavaThread "http-nio-8080-Acceptor" daemon [_thread_in_native, id=6500, stack(0x00000000260a0000,0x00000000261a0000)]
  0x0000000023697800 JavaThread "http-nio-8080-Poller" daemon [_thread_in_native, id=6384, stack(0x0000000025fa0000,0x00000000260a0000)]
  0x0000000023693800 JavaThread "http-nio-8080-exec-10" daemon [_thread_blocked, id=9028, stack(0x0000000025ea0000,0x0000000025fa0000)]
  0x0000000023695000 JavaThread "http-nio-8080-exec-9" daemon [_thread_blocked, id=11096, stack(0x0000000025da0000,0x0000000025ea0000)]
  0x0000000023694800 JavaThread "http-nio-8080-exec-8" daemon [_thread_blocked, id=8188, stack(0x0000000025ca0000,0x0000000025da0000)]
  0x00000000232ac800 JavaThread "http-nio-8080-exec-7" daemon [_thread_blocked, id=9936, stack(0x0000000025ba0000,0x0000000025ca0000)]
  0x00000000232aa000 JavaThread "http-nio-8080-exec-6" daemon [_thread_blocked, id=5440, stack(0x0000000025aa0000,0x0000000025ba0000)]
  0x00000000232a9800 JavaThread "http-nio-8080-exec-5" daemon [_thread_blocked, id=13788, stack(0x00000000259a0000,0x0000000025aa0000)]
  0x00000000232af800 JavaThread "http-nio-8080-exec-4" daemon [_thread_blocked, id=1928, stack(0x00000000258a0000,0x00000000259a0000)]
  0x00000000232a8800 JavaThread "http-nio-8080-exec-3" daemon [_thread_blocked, id=11600, stack(0x00000000257a0000,0x00000000258a0000)]
  0x00000000232ab000 JavaThread "http-nio-8080-exec-2" daemon [_thread_blocked, id=7308, stack(0x00000000256a0000,0x00000000257a0000)]
  0x00000000232ae800 JavaThread "http-nio-8080-exec-1" daemon [_thread_blocked, id=5144, stack(0x00000000255a0000,0x00000000256a0000)]
  0x00000000232ad000 JavaThread "container-0" [_thread_blocked, id=12176, stack(0x00000000252a0000,0x00000000253a0000)]
  0x00000000232ab800 JavaThread "Catalina-utility-2" [_thread_blocked, id=15096, stack(0x00000000251a0000,0x00000000252a0000)]
  0x00000000232ae000 JavaThread "Catalina-utility-1" [_thread_blocked, id=8468, stack(0x00000000250a0000,0x00000000251a0000)]
  0x0000000022e42800 JavaThread "HikariPool-1 housekeeper" daemon [_thread_blocked, id=14680, stack(0x00000000242a0000,0x00000000243a0000)]
  0x00000000216ab000 JavaThread "mysql-cj-abandoned-connection-cleanup" daemon [_thread_blocked, id=6636, stack(0x00000000218d0000,0x00000000219d0000)]
  0x000000001f14d800 JavaThread "JMX server connection timeout 21" daemon [_thread_blocked, id=13684, stack(0x0000000020400000,0x0000000020500000)]
  0x000000001f142800 JavaThread "RMI TCP Connection(24)-127.0.0.1" daemon [_thread_in_native, id=7724, stack(0x0000000020300000,0x0000000020400000)]
  0x000000001f13d000 JavaThread "RMI Scheduler(0)" daemon [_thread_blocked, id=1044, stack(0x0000000020100000,0x0000000020200000)]
  0x000000001ee96800 JavaThread "RMI TCP Accept-0" daemon [_thread_in_native, id=11848, stack(0x000000001fac0000,0x000000001fbc0000)]
  0x000000001ee2f800 JavaThread "RMI TCP Accept-60108" daemon [_thread_in_native, id=9316, stack(0x000000001f9c0000,0x000000001fac0000)]
  0x000000001ee1a800 JavaThread "RMI TCP Accept-0" daemon [_thread_in_native, id=14548, stack(0x000000001f8c0000,0x000000001f9c0000)]
  0x000000001ec9f000 JavaThread "Service Thread" daemon [_thread_blocked, id=10864, stack(0x000000001f7c0000,0x000000001f8c0000)]
  0x000000001ec0a800 JavaThread "C1 CompilerThread3" daemon [_thread_blocked, id=9640, stack(0x000000001f6c0000,0x000000001f7c0000)]
  0x000000001ec0a000 JavaThread "C2 CompilerThread2" daemon [_thread_blocked, id=10800, stack(0x000000001f5c0000,0x000000001f6c0000)]
  0x000000001ec05000 JavaThread "C2 CompilerThread1" daemon [_thread_blocked, id=15324, stack(0x000000001f4c0000,0x000000001f5c0000)]
  0x000000001ec01000 JavaThread "C2 CompilerThread0" daemon [_thread_blocked, id=12996, stack(0x000000001f3c0000,0x000000001f4c0000)]
  0x000000001dfc5800 JavaThread "JDWP Command Reader" daemon [_thread_in_native, id=9584, stack(0x000000001eac0000,0x000000001ebc0000)]
  0x000000001dfc4800 JavaThread "JDWP Event Helper Thread" daemon [_thread_blocked, id=3768, stack(0x000000001e9c0000,0x000000001eac0000)]
=>0x000000001dfb9000 JavaThread "JDWP Transport Listener: dt_socket" daemon [_thread_in_vm, id=9860, stack(0x000000001e8c0000,0x000000001e9c0000)]
  0x000000001dfb1000 JavaThread "Attach Listener" daemon [_thread_blocked, id=8592, stack(0x000000001e480000,0x000000001e580000)]
  0x000000001dfb0000 JavaThread "Signal Dispatcher" daemon [_thread_blocked, id=7380, stack(0x000000001e380000,0x000000001e480000)]
  0x000000001bfae000 JavaThread "Finalizer" daemon [_thread_blocked, id=4496, stack(0x000000001de80000,0x000000001df80000)]
  0x000000001bfad000 JavaThread "Reference Handler" daemon [_thread_blocked, id=11572, stack(0x000000001dd80000,0x000000001de80000)]

Other Threads:
  0x000000001bfa8000 VMThread [stack: 0x000000001dc80000,0x000000001dd80000] [id=8668]
  0x000000001ee97800 WatcherThread [stack: 0x000000001fbc0000,0x000000001fcc0000] [id=12836]

VM state:not at safepoint (normal execution)

VM Mutex/Monitor currently owned by a thread: None

Heap:
 PSYoungGen      total 284672K, used 162132K [0x000000076c800000, 0x0000000780e00000, 0x00000007c0000000)
  eden space 267776K, 60% used [0x000000076c800000,0x00000007766552f0,0x000000077cd80000)
  from space 16896K, 0% used [0x000000077dd80000,0x000000077dd80000,0x000000077ee00000)
  to   space 16384K, 0% used [0x000000077cd80000,0x000000077cd80000,0x000000077dd80000)
 ParOldGen       total 210432K, used 20204K [0x00000006c5800000, 0x00000006d2580000, 0x000000076c800000)
  object space 210432K, 9% used [0x00000006c5800000,0x00000006c6bbb3a8,0x00000006d2580000)
 Metaspace       used 63647K, capacity 67470K, committed 67800K, reserved 1107968K
  class space    used 8981K, capacity 9655K, committed 9688K, reserved 1048576K

Card table byte_map: [0x0000000011b80000,0x0000000012360000] byte_map_base: 0x000000000e554000

Marking Bits: (ParMarkBitMap*) 0x0000000057d44040
 Begin Bits: [0x00000000130a0000, 0x0000000016f40000)
 End Bits:   [0x0000000016f40000, 0x000000001ade0000)

Polling page: 0x0000000000b40000

CodeCache: size=245760Kb used=9273Kb max_used=9273Kb free=236486Kb
 bounds [0x00000000027c0000, 0x00000000030e0000, 0x00000000117c0000]
 total_blobs=5146 nmethods=4570 adapters=495
 compilation: enabled

Compilation events (10 events):
Event: 1255.189 Thread 0x000000001ec0a800 4635       1       org.apache.catalina.core.StandardContext::getThreadBindingListener (5 bytes)
Event: 1255.189 Thread 0x000000001ec0a800 nmethod 4635 0x00000000030cf750 code [0x00000000030cf8a0, 0x00000000030cf9b0]
Event: 1260.688 Thread 0x000000001ec0a800 4636  s    1       java.io.BufferedOutputStream::write (35 bytes)
Event: 1260.689 Thread 0x000000001ec0a800 nmethod 4636 0x00000000030cfa10 code [0x00000000030cfb80, 0x00000000030cfea8]
Event: 1279.292 Thread 0x000000001ec0a800 4637   !   1       com.mysql.cj.jdbc.AbandonedConnectionCleanupThread::checkThreadContextClassLoader (20 bytes)
Event: 1279.292 Thread 0x000000001ec0a800 nmethod 4637 0x00000000030d0010 code [0x00000000030d01c0, 0x00000000030d0538]
Event: 1285.216 Thread 0x000000001ec0a800 4638       1       org.apache.catalina.core.StandardWrapper::getServlet (5 bytes)
Event: 1285.216 Thread 0x000000001ec0a800 nmethod 4638 0x00000000030d09d0 code [0x00000000030d0b20, 0x00000000030d0c30]
Event: 1320.697 Thread 0x000000001ec0a800 4639       1       com.sun.jmx.remote.internal.ServerCommunicatorAdmin::access$500 (5 bytes)
Event: 1320.697 Thread 0x000000001ec0a800 nmethod 4639 0x00000000030d0c90 code [0x00000000030d0de0, 0x00000000030d0ed0]

GC Heap History (10 events):
Event: 2.355 GC heap before
{Heap before GC invocations=9 (full 2):
 PSYoungGen      total 162304K, used 9386K [0x000000076c800000, 0x000000077bb80000, 0x00000007c0000000)
  eden space 150016K, 0% used [0x000000076c800000,0x000000076c800000,0x0000000775a80000)
  from space 12288K, 76% used [0x0000000775a80000,0x00000007763aa9b8,0x0000000776680000)
  to   space 12288K, 0% used [0x000000077af80000,0x000000077af80000,0x000000077bb80000)
 ParOldGen       total 99328K, used 8907K [0x00000006c5800000, 0x00000006cb900000, 0x000000076c800000)
  object space 99328K, 8% used [0x00000006c5800000,0x00000006c60b2f18,0x00000006cb900000)
 Metaspace       used 33185K, capacity 35306K, committed 35416K, reserved 1079296K
  class space    used 4478K, capacity 4883K, committed 4952K, reserved 1048576K
Event: 2.384 GC heap after
Heap after GC invocations=9 (full 2):
 PSYoungGen      total 162304K, used 0K [0x000000076c800000, 0x000000077bb80000, 0x00000007c0000000)
  eden space 150016K, 0% used [0x000000076c800000,0x000000076c800000,0x0000000775a80000)
  from space 12288K, 0% used [0x0000000775a80000,0x0000000775a80000,0x0000000776680000)
  to   space 12288K, 0% used [0x000000077af80000,0x000000077af80000,0x000000077bb80000)
 ParOldGen       total 157184K, used 13576K [0x00000006c5800000, 0x00000006cf180000, 0x000000076c800000)
  object space 157184K, 8% used [0x00000006c5800000,0x00000006c65421a0,0x00000006cf180000)
 Metaspace       used 33185K, capacity 35306K, committed 35416K, reserved 1079296K
  class space    used 4478K, capacity 4883K, committed 4952K, reserved 1048576K
}
Event: 3.177 GC heap before
{Heap before GC invocations=10 (full 2):
 PSYoungGen      total 162304K, used 150016K [0x000000076c800000, 0x000000077bb80000, 0x00000007c0000000)
  eden space 150016K, 100% used [0x000000076c800000,0x0000000775a80000,0x0000000775a80000)
  from space 12288K, 0% used [0x0000000775a80000,0x0000000775a80000,0x0000000776680000)
  to   space 12288K, 0% used [0x000000077af80000,0x000000077af80000,0x000000077bb80000)
 ParOldGen       total 157184K, used 13576K [0x00000006c5800000, 0x00000006cf180000, 0x000000076c800000)
  object space 157184K, 8% used [0x00000006c5800000,0x00000006c65421a0,0x00000006cf180000)
 Metaspace       used 43312K, capacity 45644K, committed 45912K, reserved 1089536K
  class space    used 6003K, capacity 6459K, committed 6488K, reserved 1048576K
Event: 3.184 GC heap after
Heap after GC invocations=10 (full 2):
 PSYoungGen      total 226816K, used 11878K [0x000000076c800000, 0x000000077bb80000, 0x00000007c0000000)
  eden space 214528K, 0% used [0x000000076c800000,0x000000076c800000,0x0000000779980000)
  from space 12288K, 96% used [0x000000077af80000,0x000000077bb19858,0x000000077bb80000)
  to   space 13824K, 0% used [0x000000077a080000,0x000000077a080000,0x000000077ae00000)
 ParOldGen       total 157184K, used 13592K [0x00000006c5800000, 0x00000006cf180000, 0x000000076c800000)
  object space 157184K, 8% used [0x00000006c5800000,0x00000006c65461a0,0x00000006cf180000)
 Metaspace       used 43312K, capacity 45644K, committed 45912K, reserved 1089536K
  class space    used 6003K, capacity 6459K, committed 6488K, reserved 1048576K
}
Event: 4.273 GC heap before
{Heap before GC invocations=11 (full 2):
 PSYoungGen      total 226816K, used 226406K [0x000000076c800000, 0x000000077bb80000, 0x00000007c0000000)
  eden space 214528K, 100% used [0x000000076c800000,0x0000000779980000,0x0000000779980000)
  from space 12288K, 96% used [0x000000077af80000,0x000000077bb19858,0x000000077bb80000)
  to   space 13824K, 0% used [0x000000077a080000,0x000000077a080000,0x000000077ae00000)
 ParOldGen       total 157184K, used 13592K [0x00000006c5800000, 0x00000006cf180000, 0x000000076c800000)
  object space 157184K, 8% used [0x00000006c5800000,0x00000006c65461a0,0x00000006cf180000)
 Metaspace       used 55184K, capacity 58384K, committed 58584K, reserved 1099776K
  class space    used 7788K, capacity 8357K, committed 8408K, reserved 1048576K
Event: 4.284 GC heap after
Heap after GC invocations=11 (full 2):
 PSYoungGen      total 235520K, used 13815K [0x000000076c800000, 0x000000077ee00000, 0x00000007c0000000)
  eden space 221696K, 0% used [0x000000076c800000,0x000000076c800000,0x000000077a080000)
  from space 13824K, 99% used [0x000000077a080000,0x000000077adfdeb0,0x000000077ae00000)
  to   space 16896K, 0% used [0x000000077dd80000,0x000000077dd80000,0x000000077ee00000)
 ParOldGen       total 157184K, used 17125K [0x00000006c5800000, 0x00000006cf180000, 0x000000076c800000)
  object space 157184K, 10% used [0x00000006c5800000,0x00000006c68b9488,0x00000006cf180000)
 Metaspace       used 55184K, capacity 58384K, committed 58584K, reserved 1099776K
  class space    used 7788K, capacity 8357K, committed 8408K, reserved 1048576K
}
Event: 4.339 GC heap before
{Heap before GC invocations=12 (full 2):
 PSYoungGen      total 235520K, used 28407K [0x000000076c800000, 0x000000077ee00000, 0x00000007c0000000)
  eden space 221696K, 6% used [0x000000076c800000,0x000000076d63fdf0,0x000000077a080000)
  from space 13824K, 99% used [0x000000077a080000,0x000000077adfdeb0,0x000000077ae00000)
  to   space 16896K, 0% used [0x000000077dd80000,0x000000077dd80000,0x000000077ee00000)
 ParOldGen       total 157184K, used 17125K [0x00000006c5800000, 0x00000006cf180000, 0x000000076c800000)
  object space 157184K, 10% used [0x00000006c5800000,0x00000006c68b9488,0x00000006cf180000)
 Metaspace       used 55692K, capacity 58876K, committed 59028K, reserved 1099776K
  class space    used 7876K, capacity 8433K, committed 8536K, reserved 1048576K
Event: 4.343 GC heap after
Heap after GC invocations=12 (full 2):
 PSYoungGen      total 284672K, used 8811K [0x000000076c800000, 0x0000000780e00000, 0x00000007c0000000)
  eden space 267776K, 0% used [0x000000076c800000,0x000000076c800000,0x000000077cd80000)
  from space 16896K, 52% used [0x000000077dd80000,0x000000077e61af30,0x000000077ee00000)
  to   space 16384K, 0% used [0x000000077cd80000,0x000000077cd80000,0x000000077dd80000)
 ParOldGen       total 157184K, used 17133K [0x00000006c5800000, 0x00000006cf180000, 0x000000076c800000)
  object space 157184K, 10% used [0x00000006c5800000,0x00000006c68bb488,0x00000006cf180000)
 Metaspace       used 55692K, capacity 58876K, committed 59028K, reserved 1099776K
  class space    used 7876K, capacity 8433K, committed 8536K, reserved 1048576K
}
Event: 4.343 GC heap before
{Heap before GC invocations=13 (full 3):
 PSYoungGen      total 284672K, used 8811K [0x000000076c800000, 0x0000000780e00000, 0x00000007c0000000)
  eden space 267776K, 0% used [0x000000076c800000,0x000000076c800000,0x000000077cd80000)
  from space 16896K, 52% used [0x000000077dd80000,0x000000077e61af30,0x000000077ee00000)
  to   space 16384K, 0% used [0x000000077cd80000,0x000000077cd80000,0x000000077dd80000)
 ParOldGen       total 157184K, used 17133K [0x00000006c5800000, 0x00000006cf180000, 0x000000076c800000)
  object space 157184K, 10% used [0x00000006c5800000,0x00000006c68bb488,0x00000006cf180000)
 Metaspace       used 55692K, capacity 58876K, committed 59028K, reserved 1099776K
  class space    used 7876K, capacity 8433K, committed 8536K, reserved 1048576K
Event: 4.456 GC heap after
Heap after GC invocations=13 (full 3):
 PSYoungGen      total 284672K, used 0K [0x000000076c800000, 0x0000000780e00000, 0x00000007c0000000)
  eden space 267776K, 0% used [0x000000076c800000,0x000000076c800000,0x000000077cd80000)
  from space 16896K, 0% used [0x000000077dd80000,0x000000077dd80000,0x000000077ee00000)
  to   space 16384K, 0% used [0x000000077cd80000,0x000000077cd80000,0x000000077dd80000)
 ParOldGen       total 210432K, used 20204K [0x00000006c5800000, 0x00000006d2580000, 0x000000076c800000)
  object space 210432K, 9% used [0x00000006c5800000,0x00000006c6bbb3a8,0x00000006d2580000)
 Metaspace       used 55692K, capacity 58876K, committed 59028K, reserved 1099776K
  class space    used 7876K, capacity 8433K, committed 8536K, reserved 1048576K
}

Deoptimization events (0 events):
No events

Internal exceptions (10 events):
Event: 16.576 Thread 0x00000000232ab000 Exception <a 'java/lang/ArrayIndexOutOfBoundsException': 84> (0x0000000774f18db8) thrown at [C:\re\workspace\8-2-build-windows-amd64-cygwin\jdk8u45\3627\hotspot\src\share\vm\interpreter\interpreterRuntime.cpp, line 366]
Event: 16.621 Thread 0x00000000232ab000 Exception <a 'java/lang/ArrayIndexOutOfBoundsException': 56> (0x0000000774f52b80) thrown at [C:\re\workspace\8-2-build-windows-amd64-cygwin\jdk8u45\3627\hotspot\src\share\vm\interpreter\interpreterRuntime.cpp, line 366]
Event: 16.778 Thread 0x00000000232ab000 Exception <a 'java/lang/ArrayIndexOutOfBoundsException': 128> (0x000000077506e0b8) thrown at [C:\re\workspace\8-2-build-windows-amd64-cygwin\jdk8u45\3627\hotspot\src\share\vm\interpreter\interpreterRuntime.cpp, line 366]
Event: 16.781 Thread 0x00000000232ab000 Exception <a 'java/lang/ArrayIndexOutOfBoundsException': 54> (0x000000077506f538) thrown at [C:\re\workspace\8-2-build-windows-amd64-cygwin\jdk8u45\3627\hotspot\src\share\vm\interpreter\interpreterRuntime.cpp, line 366]
Event: 16.798 Thread 0x00000000232ab000 Exception <a 'java/lang/ArrayIndexOutOfBoundsException': 56> (0x000000077507a5e0) thrown at [C:\re\workspace\8-2-build-windows-amd64-cygwin\jdk8u45\3627\hotspot\src\share\vm\interpreter\interpreterRuntime.cpp, line 366]
Event: 24.672 Thread 0x00000000232ab000 Exception <a 'java/lang/ArrayIndexOutOfBoundsException'> (0x000000077517bc48) thrown at [C:\re\workspace\8-2-build-windows-amd64-cygwin\jdk8u45\3627\hotspot\src\share\vm\runtime\sharedRuntime.cpp, line 605]
Event: 24.685 Thread 0x00000000232ab000 Exception <a 'java/lang/ArrayIndexOutOfBoundsException'> (0x00000007751eee60) thrown at [C:\re\workspace\8-2-build-windows-amd64-cygwin\jdk8u45\3627\hotspot\src\share\vm\runtime\sharedRuntime.cpp, line 605]
Event: 24.706 Thread 0x00000000232ab000 Exception <a 'java/lang/ArrayIndexOutOfBoundsException'> (0x0000000775364fc0) thrown at [C:\re\workspace\8-2-build-windows-amd64-cygwin\jdk8u45\3627\hotspot\src\share\vm\runtime\sharedRuntime.cpp, line 605]
Event: 24.717 Thread 0x00000000232ab000 Exception <a 'java/lang/ArrayIndexOutOfBoundsException'> (0x000000077545ac98) thrown at [C:\re\workspace\8-2-build-windows-amd64-cygwin\jdk8u45\3627\hotspot\src\share\vm\runtime\sharedRuntime.cpp, line 605]
Event: 24.717 Thread 0x00000000232ab000 Exception <a 'java/lang/ArrayIndexOutOfBoundsException'> (0x000000077545cf88) thrown at [C:\re\workspace\8-2-build-windows-amd64-cygwin\jdk8u45\3627\hotspot\src\share\vm\runtime\sharedRuntime.cpp, line 605]

Events (10 events):
Event: 1117.408 Executing VM operation: RevokeBias
Event: 1117.408 Executing VM operation: RevokeBias done
Event: 1117.408 Executing VM operation: RevokeBias
Event: 1117.408 Executing VM operation: RevokeBias done
Event: 1117.409 Executing VM operation: RevokeBias
Event: 1117.409 Executing VM operation: RevokeBias done
Event: 1117.409 Executing VM operation: RevokeBias
Event: 1117.409 Executing VM operation: RevokeBias done
Event: 1325.848 Executing VM operation: RedefineClasses
Event: 1325.864 Executing VM operation: RedefineClasses done


Dynamic libraries:
0x00007ff6326f0000 - 0x00007ff632727000 	C:\Program Files\Java\jdk1.8.0_45\bin\javaw.exe
0x00007fff053d0000 - 0x00007fff055c7000 	C:\Windows\SYSTEM32\ntdll.dll
0x00007fff052d0000 - 0x00007fff0538d000 	C:\Windows\System32\KERNEL32.DLL
0x00007fff02e60000 - 0x00007fff0312d000 	C:\Windows\System32\KERNELBASE.dll
0x00007fff03560000 - 0x00007fff0360e000 	C:\Windows\System32\ADVAPI32.dll
0x00007fff03610000 - 0x00007fff036ae000 	C:\Windows\System32\msvcrt.dll
0x00007fff03b20000 - 0x00007fff03bbc000 	C:\Windows\System32\sechost.dll
0x00007fff03430000 - 0x00007fff03555000 	C:\Windows\System32\RPCRT4.dll
0x00007fff04a40000 - 0x00007fff04be0000 	C:\Windows\System32\USER32.dll
0x00007fff02bf0000 - 0x00007fff02c12000 	C:\Windows\System32\win32u.dll
0x00007fff05080000 - 0x00007fff050aa000 	C:\Windows\System32\GDI32.dll
0x00007fff02c20000 - 0x00007fff02d2b000 	C:\Windows\System32\gdi32full.dll
0x00007fff03180000 - 0x00007fff0321d000 	C:\Windows\System32\msvcp_win.dll
0x00007fff02af0000 - 0x00007fff02bf0000 	C:\Windows\System32\ucrtbase.dll
0x00007ffee8860000 - 0x00007ffee8afa000 	C:\Windows\WinSxS\amd64_microsoft.windows.common-controls_6595b64144ccf1df_6.0.19041.1110_none_60b5254171f9507e\COMCTL32.dll
0x00007fff046f0000 - 0x00007fff04720000 	C:\Windows\System32\IMM32.DLL
0x0000000057dd0000 - 0x0000000057ea2000 	C:\Program Files\Java\jdk1.8.0_45\jre\bin\msvcr100.dll
0x0000000057540000 - 0x0000000057dc3000 	C:\Program Files\Java\jdk1.8.0_45\jre\bin\server\jvm.dll
0x00007fff05050000 - 0x00007fff05058000 	C:\Windows\System32\PSAPI.DLL
0x00007ffeeea90000 - 0x00007ffeeeab7000 	C:\Windows\SYSTEM32\WINMM.dll
0x00007ffeeb790000 - 0x00007ffeeb799000 	C:\Windows\SYSTEM32\WSOCK32.dll
0x00007ffefd960000 - 0x00007ffefd96a000 	C:\Windows\SYSTEM32\VERSION.dll
0x00007fff03f30000 - 0x00007fff03f9b000 	C:\Windows\System32\WS2_32.dll
0x0000000057530000 - 0x000000005753f000 	C:\Program Files\Java\jdk1.8.0_45\jre\bin\verify.dll
0x0000000057500000 - 0x0000000057529000 	C:\Program Files\Java\jdk1.8.0_45\jre\bin\java.dll
0x00000000574c0000 - 0x00000000574f5000 	C:\Program Files\Java\jdk1.8.0_45\jre\bin\jdwp.dll
0x00000000574b0000 - 0x00000000574b8000 	C:\Program Files\Java\jdk1.8.0_45\jre\bin\npt.dll
0x0000000057480000 - 0x00000000574a3000 	C:\Program Files\Java\jdk1.8.0_45\jre\bin\instrument.dll
0x0000000057460000 - 0x0000000057476000 	C:\Program Files\Java\jdk1.8.0_45\jre\bin\zip.dll
0x00007fff03fa0000 - 0x00007fff046e4000 	C:\Windows\System32\SHELL32.dll
0x00007fff00c10000 - 0x00007fff013a4000 	C:\Windows\SYSTEM32\windows.storage.dll
0x00007fff03bd0000 - 0x00007fff03f24000 	C:\Windows\System32\combase.dll
0x00007fff02480000 - 0x00007fff024ac000 	C:\Windows\SYSTEM32\Wldp.dll
0x00007fff048b0000 - 0x00007fff0495d000 	C:\Windows\System32\SHCORE.dll
0x00007fff036b0000 - 0x00007fff03705000 	C:\Windows\System32\shlwapi.dll
0x00007fff02a30000 - 0x00007fff02a4f000 	C:\Windows\SYSTEM32\profapi.dll
0x0000000057450000 - 0x0000000057459000 	C:\Program Files\Java\jdk1.8.0_45\jre\bin\dt_socket.dll
0x00007ffeeb830000 - 0x00007ffeeb847000 	C:\Windows\system32\napinsp.dll
0x00007ffeeb810000 - 0x00007ffeeb82b000 	C:\Windows\system32\pnrpnsp.dll
0x00007ffee86a0000 - 0x00007ffee86b5000 	C:\Windows\system32\wshbth.dll
0x00007ffefe500000 - 0x00007ffefe51d000 	C:\Windows\system32\NLAapi.dll
0x00007fff01ed0000 - 0x00007fff01f0b000 	C:\Windows\SYSTEM32\IPHLPAPI.DLL
0x00007fff021e0000 - 0x00007fff0224a000 	C:\Windows\System32\mswsock.dll
0x00007fff01f10000 - 0x00007fff01fdb000 	C:\Windows\SYSTEM32\DNSAPI.dll
0x00007fff050b0000 - 0x00007fff050b8000 	C:\Windows\System32\NSI.dll
0x00007ffee85e0000 - 0x00007ffee85f2000 	C:\Windows\System32\winrnr.dll
0x00007ffef6520000 - 0x00007ffef65a0000 	C:\Windows\System32\fwpuclnt.dll
0x00007fff02d30000 - 0x00007fff02d57000 	C:\Windows\System32\bcrypt.dll
0x00007ffef6500000 - 0x00007ffef650a000 	C:\Windows\System32\rasadhlp.dll
0x0000000057440000 - 0x000000005744d000 	C:\Program Files\Java\jdk1.8.0_45\jre\bin\management.dll
0x0000000057420000 - 0x000000005743a000 	C:\Program Files\Java\jdk1.8.0_45\jre\bin\net.dll
0x0000000057400000 - 0x0000000057411000 	C:\Program Files\Java\jdk1.8.0_45\jre\bin\nio.dll
0x00007fff023d0000 - 0x00007fff023e8000 	C:\Windows\SYSTEM32\CRYPTSP.dll
0x00007fff01b60000 - 0x00007fff01b94000 	C:\Windows\system32\rsaenh.dll
0x00007fff029f0000 - 0x00007fff02a1e000 	C:\Windows\SYSTEM32\USERENV.dll
0x00007fff02dd0000 - 0x00007fff02e52000 	C:\Windows\System32\bcryptprimitives.dll
0x00007fff023f0000 - 0x00007fff023fc000 	C:\Windows\SYSTEM32\CRYPTBASE.dll
0x00007ffefc950000 - 0x00007ffefc967000 	C:\Windows\SYSTEM32\dhcpcsvc6.DLL
0x00007ffefd2a0000 - 0x00007ffefd2bd000 	C:\Windows\SYSTEM32\dhcpcsvc.DLL
0x00000000573d0000 - 0x00000000573f4000 	C:\Program Files\Java\jdk1.8.0_45\jre\bin\sunec.dll
0x00000000573c0000 - 0x00000000573cb000 	C:\Program Files\Java\jdk1.8.0_45\jre\bin\sunmscapi.dll
0x00007fff032d0000 - 0x00007fff03426000 	C:\Windows\System32\CRYPT32.dll
0x00007ffeee870000 - 0x00007ffeeea54000 	C:\Windows\SYSTEM32\dbghelp.dll

VM Arguments:
jvm_args: -agentlib:jdwp=transport=dt_socket,suspend=y,address=localhost:60110 -Dcom.sun.management.jmxremote -Dcom.sun.management.jmxremote.port=60108 -Dcom.sun.management.jmxremote.authenticate=false -Dcom.sun.management.jmxremote.ssl=false -Djava.rmi.server.hostname=localhost -Dspring.jmx.enabled=true -Dspring.application.admin.enabled=true -XX:TieredStopAtLevel=1 -Dspring.boot.project.name=Spring-boot-sercurity -javaagent:C:\Users\Phan Thanh Nam\eclipse\jee-2021-06\eclipse\configuration\org.eclipse.osgi\415\0\.cp\lib\javaagent-shaded.jar -Dfile.encoding=UTF-8 
java_command: com.sercurity.SpringBootSercurityApplication
java_class_path (initial): G:\Dev\Java\Spring-boot-sercurity\target\classes;C:\Users\Phan Thanh Nam\.m2\repository\org\springframework\boot\spring-boot-starter-security\2.7.1\spring-boot-starter-security-2.7.1.jar;C:\Users\Phan Thanh Nam\.m2\repository\org\springframework\boot\spring-boot-starter\2.7.1\spring-boot-starter-2.7.1.jar;C:\Users\Phan Thanh Nam\.m2\repository\org\springframework\boot\spring-boot\2.7.1\spring-boot-2.7.1.jar;C:\Users\Phan Thanh Nam\.m2\repository\org\springframework\boot\spring-boot-autoconfigure\2.7.1\spring-boot-autoconfigure-2.7.1.jar;C:\Users\Phan Thanh Nam\.m2\repository\org\springframework\boot\spring-boot-starter-logging\2.7.1\spring-boot-starter-logging-2.7.1.jar;C:\Users\Phan Thanh Nam\.m2\repository\ch\qos\logback\logback-classic\1.2.11\logback-classic-1.2.11.jar;C:\Users\Phan Thanh Nam\.m2\repository\ch\qos\logback\logback-core\1.2.11\logback-core-1.2.11.jar;C:\Users\Phan Thanh Nam\.m2\repository\org\apache\logging\log4j\log4j-to-slf4j\2.17.2\log4j-to-slf4j-2.17.2.jar;C:\Users\Phan Thanh Nam\.m2\repository\org\apache\logging\log4j\log4j-api\2.17.2\log4j-api-2.17.2.jar;C:\Users\Phan Thanh Nam\.m2\repository\org\slf4j\jul-to-slf4j\1.7.36\jul-to-slf4j-1.7.36.jar;C:\Users\Phan Thanh Nam\.m2\repository\jakarta\annotation\jakarta.annotation-api\1.3.5\jakarta.annotation-api-1.3.5.jar;C:\Users\Phan Thanh Nam\.m2\repository\org\yaml\snakeyaml\1.30\snakeyaml-1.30.jar;C:\Users\Phan Thanh Nam\.m2\repository\org\springframework\spring-aop\5.3.21\spring-aop-5.3.21.jar;C:\Users\Phan Thanh Nam\.m2\repository\org\springframework\spring-beans\5.3.21\spring-beans-5.3.21.jar;C:\Users\Phan Thanh Nam\.m2\repository\org\springframework\security\spring-security-config\5.7.2\spring-security-config-5.7.2.jar;C:\Users\Phan Thanh Nam\.m2\repository\org\springframework\spring-context\5.3.21\spring-context-5.3.21.jar;C:\Users\Phan Thanh Nam\.m2\repository\org\springframework\security\spring-security-web\5.7.2\spring-security-web-5.7.2.jar;C:\Users\Phan Than
Launcher Type: SUN_STANDARD

Environment Variables:
JAVA_HOME=C:\Program Files\Java\jdk1.8.0_45
PATH=C:\Program Files\Java\jdk1.8.0_45\jre\bin;C:/Users/Phan Thanh Nam/.p2/pool/plugins/org.eclipse.justj.openjdk.hotspot.jre.full.win32.x86_64_16.0.2.v20210721-1149/jre/bin/server;C:/Users/Phan Thanh Nam/.p2/pool/plugins/org.eclipse.justj.openjdk.hotspot.jre.full.win32.x86_64_16.0.2.v20210721-1149/jre/bin;%AppData%\npm;C:\ProgramData\Oracle\Java\javapath;C:\Windows\system32;C:\Windows;C:\Windows\System32\Wbem;C:\Windows\System32\WindowsPowerShell\v1.0\;C:\Windows\System32\OpenSSH\;C:\Program Files\nodejs\;C:\Program Files\nodejs\node_modules\npm\bin;%JAVA_HOME%\bin;C:\Program Files\MongoDB\Server\5.0\bin;C:\Program Files\Git\cmd;C:\Users\Phan Thanh Nam\AppData\Local\Microsoft\WindowsApps;C:\Users\Phan Thanh Nam\AppData\Local\Programs\Microsoft VS Code\bin;C:\Users\Phan Thanh Nam\AppData\Local\GitHubDesktop\bin;C:\Users\Phan Thanh Nam\AppData\Roaming\npm;C:\Program Files\nodejs\node_modules\npm\bin;;C:\Windows\System32;
USERNAME=Phan Thanh Nam
OS=Windows_NT
PROCESSOR_IDENTIFIER=Intel64 Family 6 Model 165 Stepping 3, GenuineIntel



---------------  S Y S T E M  ---------------

OS: Windows 10.0 , 64 bit Build 19041 (10.0.19041.1741)

CPU:total 8 (4 cores per cpu, 2 threads per core) family 6 model 165 stepping 3, cmov, cx8, fxsr, mmx, sse, sse2, sse3, ssse3, sse4.1, sse4.2, popcnt, avx, avx2, aes, clmul, erms, 3dnowpref, lzcnt, ht, tsc, tscinvbit, bmi1, bmi2, adx

Memory: 4k page, physical 16414000k(7417652k free), swap 18904368k(6272380k free)

vm_info: Java HotSpot(TM) 64-Bit Server VM (25.45-b02) for windows-amd64 JRE (1.8.0_45-b15), built on Apr 30 2015 12:40:44 by "java_re" with MS VC++ 10.0 (VS2010)

time: Mon Jul 04 22:14:32 2022
elapsed time: 1325 seconds (0d 0h 22m 5s)

